<?xml version="1.0" encoding="UTF-8"?>
<!-- Generated by org.testng.reporters.JUnitReportReporter -->
<testsuite hostname="DESKTOP-9O50N1Q" failures="0" tests="2" name="RunnerClasses.TestRunner" time="28.062" errors="0" timestamp="2024-09-26T22:59:58 IST" skipped="0">
  <testcase classname="RunnerClasses.TestRunner" name="runScenario" time="12.018"/>
  <testcase classname="RunnerClasses.TestRunner" name="runScenario" time="16.044"/>
</testsuite> <!-- RunnerClasses.TestRunner -->
