<?xml version="1.0" encoding="UTF-8"?>
<!-- Generated by org.testng.reporters.JUnitReportReporter -->
<testsuite hostname="DESKTOP-9O50N1Q" failures="0" tests="3" name="RunnerClasses.TestRunner" time="44.116" errors="0" timestamp="2024-09-27T22:44:16 IST" skipped="0">
  <testcase classname="RunnerClasses.TestRunner" name="runScenario" time="14.935"/>
  <testcase classname="RunnerClasses.TestRunner" name="runScenario" time="14.909"/>
  <testcase classname="RunnerClasses.TestRunner" name="runScenario" time="14.272"/>
</testsuite> <!-- RunnerClasses.TestRunner -->
