<?xml version="1.0" encoding="UTF-8"?>
<!-- Generated by org.testng.reporters.JUnitReportReporter -->
<testsuite hostname="DESKTOP-9O50N1Q" failures="0" tests="3" name="RunnerClasses.TestRunner" time="219.862" errors="0" timestamp="2024-09-25T23:00:04 IST" skipped="0">
  <testcase classname="RunnerClasses.TestRunner" name="runScenario" time="70.210"/>
  <testcase classname="RunnerClasses.TestRunner" name="runScenario" time="68.800"/>
  <testcase classname="RunnerClasses.TestRunner" name="runScenario" time="80.852"/>
</testsuite> <!-- RunnerClasses.TestRunner -->
